<object-stream>
<org.drools.core.audit.WorkingMemoryLog>
  <version>6.1</version>
  <events>
    <org.drools.core.audit.event.ActivationLogEvent>
      <type>4</type>
      <activationId>Get subjects for exam qualification (exam_result_calculation) [1, 4]</activationId>
      <rule>Get subjects for exam qualification (exam_result_calculation)</rule>
      <declarations>$esr=pl.edu.pwsztar.universityrecruitment.ExamSubjectResult@7f02251; $uc=pl.edu.pwsztar.universityrecruitment.UniversityCandidate@6090f3ca</declarations>
      <factHandleIds>1,4</factHandleIds>
    </org.drools.core.audit.event.ActivationLogEvent>
    <org.drools.core.audit.event.ActivationLogEvent>
      <type>4</type>
      <activationId>Get subjects for exam qualification (exam_result_calculation) [1, 3]</activationId>
      <rule>Get subjects for exam qualification (exam_result_calculation)</rule>
      <declarations>$esr=pl.edu.pwsztar.universityrecruitment.ExamSubjectResult@392a04e7; $uc=pl.edu.pwsztar.universityrecruitment.UniversityCandidate@6090f3ca</declarations>
      <factHandleIds>1,3</factHandleIds>
    </org.drools.core.audit.event.ActivationLogEvent>
    <org.drools.core.audit.event.ActivationLogEvent>
      <type>4</type>
      <activationId>Get subjects for exam qualification (exam_result_calculation) [1, 2]</activationId>
      <rule>Get subjects for exam qualification (exam_result_calculation)</rule>
      <declarations>$esr=pl.edu.pwsztar.universityrecruitment.ExamSubjectResult@4c98a6d5; $uc=pl.edu.pwsztar.universityrecruitment.UniversityCandidate@6090f3ca</declarations>
      <factHandleIds>1,2</factHandleIds>
    </org.drools.core.audit.event.ActivationLogEvent>
    <org.drools.core.audit.event.ActivationLogEvent>
      <type>6</type>
      <activationId>Get subjects for exam qualification (exam_result_calculation) [1, 4]</activationId>
      <rule>Get subjects for exam qualification (exam_result_calculation)</rule>
      <declarations>$esr=pl.edu.pwsztar.universityrecruitment.ExamSubjectResult@7f02251; $uc=pl.edu.pwsztar.universityrecruitment.UniversityCandidate@6090f3ca</declarations>
      <factHandleIds>1,4</factHandleIds>
    </org.drools.core.audit.event.ActivationLogEvent>
    <org.drools.core.audit.event.ObjectLogEvent>
      <type>1</type>
      <factId>5</factId>
      <objectToString>pl.edu.pwsztar.universityrecruitment.ExamSubjectResult@7f02251</objectToString>
    </org.drools.core.audit.event.ObjectLogEvent>
    <org.drools.core.audit.event.ObjectLogEvent>
      <type>2</type>
      <factId>1</factId>
      <objectToString>pl.edu.pwsztar.universityrecruitment.UniversityCandidate@6090f3ca</objectToString>
    </org.drools.core.audit.event.ObjectLogEvent>
    <org.drools.core.audit.event.ActivationLogEvent>
      <type>7</type>
      <activationId>Get subjects for exam qualification (exam_result_calculation) [1, 4]</activationId>
      <rule>Get subjects for exam qualification (exam_result_calculation)</rule>
      <declarations>$esr=pl.edu.pwsztar.universityrecruitment.ExamSubjectResult@7f02251; $uc=pl.edu.pwsztar.universityrecruitment.UniversityCandidate@6090f3ca</declarations>
      <factHandleIds>1,4</factHandleIds>
    </org.drools.core.audit.event.ActivationLogEvent>
    <org.drools.core.audit.event.ActivationLogEvent>
      <type>6</type>
      <activationId>Get subjects for exam qualification (exam_result_calculation) [1, 3]</activationId>
      <rule>Get subjects for exam qualification (exam_result_calculation)</rule>
      <declarations>$esr=pl.edu.pwsztar.universityrecruitment.ExamSubjectResult@392a04e7; $uc=pl.edu.pwsztar.universityrecruitment.UniversityCandidate@6090f3ca</declarations>
      <factHandleIds>1,3</factHandleIds>
    </org.drools.core.audit.event.ActivationLogEvent>
    <org.drools.core.audit.event.ObjectLogEvent>
      <type>1</type>
      <factId>6</factId>
      <objectToString>pl.edu.pwsztar.universityrecruitment.ExamSubjectResult@392a04e7</objectToString>
    </org.drools.core.audit.event.ObjectLogEvent>
    <org.drools.core.audit.event.ObjectLogEvent>
      <type>2</type>
      <factId>1</factId>
      <objectToString>pl.edu.pwsztar.universityrecruitment.UniversityCandidate@6090f3ca</objectToString>
    </org.drools.core.audit.event.ObjectLogEvent>
    <org.drools.core.audit.event.ActivationLogEvent>
      <type>7</type>
      <activationId>Get subjects for exam qualification (exam_result_calculation) [1, 3]</activationId>
      <rule>Get subjects for exam qualification (exam_result_calculation)</rule>
      <declarations>$esr=pl.edu.pwsztar.universityrecruitment.ExamSubjectResult@392a04e7; $uc=pl.edu.pwsztar.universityrecruitment.UniversityCandidate@6090f3ca</declarations>
      <factHandleIds>1,3</factHandleIds>
    </org.drools.core.audit.event.ActivationLogEvent>
    <org.drools.core.audit.event.ActivationLogEvent>
      <type>6</type>
      <activationId>Get subjects for exam qualification (exam_result_calculation) [1, 2]</activationId>
      <rule>Get subjects for exam qualification (exam_result_calculation)</rule>
      <declarations>$esr=pl.edu.pwsztar.universityrecruitment.ExamSubjectResult@4c98a6d5; $uc=pl.edu.pwsztar.universityrecruitment.UniversityCandidate@6090f3ca</declarations>
      <factHandleIds>1,2</factHandleIds>
    </org.drools.core.audit.event.ActivationLogEvent>
    <org.drools.core.audit.event.ObjectLogEvent>
      <type>1</type>
      <factId>7</factId>
      <objectToString>pl.edu.pwsztar.universityrecruitment.ExamSubjectResult@4c98a6d5</objectToString>
    </org.drools.core.audit.event.ObjectLogEvent>
    <org.drools.core.audit.event.ObjectLogEvent>
      <type>2</type>
      <factId>1</factId>
      <objectToString>pl.edu.pwsztar.universityrecruitment.UniversityCandidate@6090f3ca</objectToString>
    </org.drools.core.audit.event.ObjectLogEvent>
    <org.drools.core.audit.event.ActivationLogEvent>
      <type>7</type>
      <activationId>Get subjects for exam qualification (exam_result_calculation) [1, 2]</activationId>
      <rule>Get subjects for exam qualification (exam_result_calculation)</rule>
      <declarations>$esr=pl.edu.pwsztar.universityrecruitment.ExamSubjectResult@4c98a6d5; $uc=pl.edu.pwsztar.universityrecruitment.UniversityCandidate@6090f3ca</declarations>
      <factHandleIds>1,2</factHandleIds>
    </org.drools.core.audit.event.ActivationLogEvent>
    <org.drools.core.audit.event.ActivationLogEvent>
      <type>4</type>
      <activationId>Subject result multiplication on exam level (exam_result_calculation) [7]</activationId>
      <rule>Subject result multiplication on exam level (exam_result_calculation)</rule>
      <declarations>$esr=pl.edu.pwsztar.universityrecruitment.ExamSubjectResult@4c98a6d5</declarations>
      <factHandleIds>7</factHandleIds>
    </org.drools.core.audit.event.ActivationLogEvent>
    <org.drools.core.audit.event.ActivationLogEvent>
      <type>6</type>
      <activationId>Subject result multiplication on exam level (exam_result_calculation) [7]</activationId>
      <rule>Subject result multiplication on exam level (exam_result_calculation)</rule>
      <declarations>$esr=pl.edu.pwsztar.universityrecruitment.ExamSubjectResult@4c98a6d5</declarations>
      <factHandleIds>7</factHandleIds>
    </org.drools.core.audit.event.ActivationLogEvent>
    <org.drools.core.audit.event.ObjectLogEvent>
      <type>2</type>
      <factId>7</factId>
      <objectToString>pl.edu.pwsztar.universityrecruitment.ExamSubjectResult@4c98a6d5</objectToString>
    </org.drools.core.audit.event.ObjectLogEvent>
    <org.drools.core.audit.event.ActivationLogEvent>
      <type>7</type>
      <activationId>Subject result multiplication on exam level (exam_result_calculation) [7]</activationId>
      <rule>Subject result multiplication on exam level (exam_result_calculation)</rule>
      <declarations>$esr=pl.edu.pwsztar.universityrecruitment.ExamSubjectResult@4c98a6d5</declarations>
      <factHandleIds>7</factHandleIds>
    </org.drools.core.audit.event.ActivationLogEvent>
    <org.drools.core.audit.event.ActivationLogEvent>
      <type>4</type>
      <activationId>Subject result summation / Psychologia (exam_result_calculation) [1, 7]</activationId>
      <rule>Subject result summation / Psychologia (exam_result_calculation)</rule>
      <declarations>$esr=pl.edu.pwsztar.universityrecruitment.ExamSubjectResult@4c98a6d5; $uc=pl.edu.pwsztar.universityrecruitment.UniversityCandidate@6090f3ca</declarations>
      <factHandleIds>1,7</factHandleIds>
    </org.drools.core.audit.event.ActivationLogEvent>
    <org.drools.core.audit.event.ActivationLogEvent>
      <type>6</type>
      <activationId>Subject result summation / Psychologia (exam_result_calculation) [1, 7]</activationId>
      <rule>Subject result summation / Psychologia (exam_result_calculation)</rule>
      <declarations>$esr=pl.edu.pwsztar.universityrecruitment.ExamSubjectResult@4c98a6d5; $uc=pl.edu.pwsztar.universityrecruitment.UniversityCandidate@6090f3ca</declarations>
      <factHandleIds>1,7</factHandleIds>
    </org.drools.core.audit.event.ActivationLogEvent>
    <org.drools.core.audit.event.ObjectLogEvent>
      <type>2</type>
      <factId>1</factId>
      <objectToString>pl.edu.pwsztar.universityrecruitment.UniversityCandidate@6090f3ca</objectToString>
    </org.drools.core.audit.event.ObjectLogEvent>
    <org.drools.core.audit.event.ObjectLogEvent>
      <type>3</type>
      <factId>7</factId>
      <objectToString>pl.edu.pwsztar.universityrecruitment.ExamSubjectResult@4c98a6d5</objectToString>
    </org.drools.core.audit.event.ObjectLogEvent>
    <org.drools.core.audit.event.ActivationLogEvent>
      <type>7</type>
      <activationId>Subject result summation / Psychologia (exam_result_calculation) [1, 7]</activationId>
      <rule>Subject result summation / Psychologia (exam_result_calculation)</rule>
      <declarations>$uc=pl.edu.pwsztar.universityrecruitment.UniversityCandidate@6090f3ca</declarations>
      <factHandleIds>1,7</factHandleIds>
    </org.drools.core.audit.event.ActivationLogEvent>
    <org.drools.core.audit.event.ActivationLogEvent>
      <type>4</type>
      <activationId>Exam Qualification / Psychologia (exam_result_calculation) [1]</activationId>
      <rule>Exam Qualification / Psychologia (exam_result_calculation)</rule>
      <declarations>$uc=pl.edu.pwsztar.universityrecruitment.UniversityCandidate@6090f3ca</declarations>
      <factHandleIds>1</factHandleIds>
    </org.drools.core.audit.event.ActivationLogEvent>
    <org.drools.core.audit.event.ActivationLogEvent>
      <type>6</type>
      <activationId>Exam Qualification / Psychologia (exam_result_calculation) [1]</activationId>
      <rule>Exam Qualification / Psychologia (exam_result_calculation)</rule>
      <declarations>$uc=pl.edu.pwsztar.universityrecruitment.UniversityCandidate@6090f3ca</declarations>
      <factHandleIds>1</factHandleIds>
    </org.drools.core.audit.event.ActivationLogEvent>
    <org.drools.core.audit.event.ActivationLogEvent>
      <type>7</type>
      <activationId>Exam Qualification / Psychologia (exam_result_calculation) [1]</activationId>
      <rule>Exam Qualification / Psychologia (exam_result_calculation)</rule>
      <declarations>$uc=pl.edu.pwsztar.universityrecruitment.UniversityCandidate@6090f3ca</declarations>
      <factHandleIds>1</factHandleIds>
    </org.drools.core.audit.event.ActivationLogEvent>
  </events>
</org.drools.core.audit.WorkingMemoryLog>
</object-stream>
