<object-stream>
<org.drools.core.audit.WorkingMemoryLog>
  <version>6.1</version>
  <events>
    <org.drools.core.audit.event.ActivationLogEvent>
      <type>4</type>
      <activationId>Olympic qualification (two_sets_of_rules_salience_activation-group_MODIFY) [1]</activationId>
      <rule>Olympic qualification (two_sets_of_rules_salience_activation-group_MODIFY)</rule>
      <declarations>$uc=pl.edu.pwsztar.universityrecruitment.UniversityCandidate@2d84cb86</declarations>
      <factHandleIds>1</factHandleIds>
    </org.drools.core.audit.event.ActivationLogEvent>
    <org.drools.core.audit.event.ActivationLogEvent>
      <type>4</type>
      <activationId>Olympic qualification (two_sets_of_rules_salience_activation-group_no-loop_MODIFY) [1]</activationId>
      <rule>Olympic qualification (two_sets_of_rules_salience_activation-group_no-loop_MODIFY)</rule>
      <declarations>$uc=pl.edu.pwsztar.universityrecruitment.UniversityCandidate@2d84cb86</declarations>
      <factHandleIds>1</factHandleIds>
    </org.drools.core.audit.event.ActivationLogEvent>
    <org.drools.core.audit.event.ActivationLogEvent>
      <type>4</type>
      <activationId>Olympic qualification (two_sets_of_rules_salience) [1]</activationId>
      <rule>Olympic qualification (two_sets_of_rules_salience)</rule>
      <declarations>$uc=pl.edu.pwsztar.universityrecruitment.UniversityCandidate@2d84cb86</declarations>
      <factHandleIds>1</factHandleIds>
    </org.drools.core.audit.event.ActivationLogEvent>
    <org.drools.core.audit.event.ActivationLogEvent>
      <type>4</type>
      <activationId>Olympic qualification (two_sets_of_rules) [1]</activationId>
      <rule>Olympic qualification (two_sets_of_rules)</rule>
      <declarations>$uc=pl.edu.pwsztar.universityrecruitment.UniversityCandidate@2d84cb86</declarations>
      <factHandleIds>1</factHandleIds>
    </org.drools.core.audit.event.ActivationLogEvent>
    <org.drools.core.audit.event.ActivationLogEvent>
      <type>4</type>
      <activationId>Olympic qualification (two_sets_of_rules_salience_activation-group) [1]</activationId>
      <rule>Olympic qualification (two_sets_of_rules_salience_activation-group)</rule>
      <declarations>$uc=pl.edu.pwsztar.universityrecruitment.UniversityCandidate@2d84cb86</declarations>
      <factHandleIds>1</factHandleIds>
    </org.drools.core.audit.event.ActivationLogEvent>
    <org.drools.core.audit.event.ActivationLogEvent>
      <type>4</type>
      <activationId>Olympic qualification (two_sets_of_rules_salience_no-loop_MODIFY) [1]</activationId>
      <rule>Olympic qualification (two_sets_of_rules_salience_no-loop_MODIFY)</rule>
      <declarations>$uc=pl.edu.pwsztar.universityrecruitment.UniversityCandidate@2d84cb86</declarations>
      <factHandleIds>1</factHandleIds>
    </org.drools.core.audit.event.ActivationLogEvent>
    <org.drools.core.audit.event.ActivationLogEvent>
      <type>4</type>
      <activationId>Olympic Qualification (main) [1]</activationId>
      <rule>Olympic Qualification (main)</rule>
      <declarations>$uc=pl.edu.pwsztar.universityrecruitment.UniversityCandidate@2d84cb86</declarations>
      <factHandleIds>1</factHandleIds>
    </org.drools.core.audit.event.ActivationLogEvent>
    <org.drools.core.audit.event.ActivationLogEvent>
      <type>4</type>
      <activationId>Olympic qualification (two_sets_of_rules_salience_no-loop_bonus_MODIFY) [1]</activationId>
      <rule>Olympic qualification (two_sets_of_rules_salience_no-loop_bonus_MODIFY)</rule>
      <declarations>$uc=pl.edu.pwsztar.universityrecruitment.UniversityCandidate@2d84cb86</declarations>
      <factHandleIds>1</factHandleIds>
    </org.drools.core.audit.event.ActivationLogEvent>
    <org.drools.core.audit.event.ActivationLogEvent>
      <type>4</type>
      <activationId>Olympic qualification (two_sets_of_rules_salience_activation-group_lock-on-active_MODIFY) [1]</activationId>
      <rule>Olympic qualification (two_sets_of_rules_salience_activation-group_lock-on-active_MODIFY)</rule>
      <declarations>$uc=pl.edu.pwsztar.universityrecruitment.UniversityCandidate@2d84cb86</declarations>
      <factHandleIds>1</factHandleIds>
    </org.drools.core.audit.event.ActivationLogEvent>
    <org.drools.core.audit.event.ActivationLogEvent>
      <type>4</type>
      <activationId>Olympic qualification (two_sets_of_rules_salience_lock-on-active_MODIFY) [1]</activationId>
      <rule>Olympic qualification (two_sets_of_rules_salience_lock-on-active_MODIFY)</rule>
      <declarations>$uc=pl.edu.pwsztar.universityrecruitment.UniversityCandidate@2d84cb86</declarations>
      <factHandleIds>1</factHandleIds>
    </org.drools.core.audit.event.ActivationLogEvent>
    <org.drools.core.audit.event.ActivationLogEvent>
      <type>4</type>
      <activationId>Olympic qualification (three_sets_of_rules_salience_lock-on-active_bonus_MODIFY) [1]</activationId>
      <rule>Olympic qualification (three_sets_of_rules_salience_lock-on-active_bonus_MODIFY)</rule>
      <declarations>$uc=pl.edu.pwsztar.universityrecruitment.UniversityCandidate@2d84cb86</declarations>
      <factHandleIds>1</factHandleIds>
    </org.drools.core.audit.event.ActivationLogEvent>
    <org.drools.core.audit.event.ActivationLogEvent>
      <type>4</type>
      <activationId>Women qualification (three_sets_of_rules_salience_lock-on-active_bonus_MODIFY) [1]</activationId>
      <rule>Women qualification (three_sets_of_rules_salience_lock-on-active_bonus_MODIFY)</rule>
      <declarations>$uc=pl.edu.pwsztar.universityrecruitment.UniversityCandidate@2d84cb86</declarations>
      <factHandleIds>1</factHandleIds>
    </org.drools.core.audit.event.ActivationLogEvent>
    <org.drools.core.audit.event.ActivationLogEvent>
      <type>4</type>
      <activationId>Insert subject for exam qualification (exam_result_calculation) [1, 6]</activationId>
      <rule>Insert subject for exam qualification (exam_result_calculation)</rule>
      <declarations>$esr=pl.edu.pwsztar.universityrecruitment.ExamSubjectResult@3c89bb12; $uc=pl.edu.pwsztar.universityrecruitment.UniversityCandidate@2d84cb86</declarations>
      <factHandleIds>1,6</factHandleIds>
    </org.drools.core.audit.event.ActivationLogEvent>
    <org.drools.core.audit.event.ActivationLogEvent>
      <type>4</type>
      <activationId>Insert subject for exam qualification (exam_result_calculation) [1, 5]</activationId>
      <rule>Insert subject for exam qualification (exam_result_calculation)</rule>
      <declarations>$esr=pl.edu.pwsztar.universityrecruitment.ExamSubjectResult@5ee34b1b; $uc=pl.edu.pwsztar.universityrecruitment.UniversityCandidate@2d84cb86</declarations>
      <factHandleIds>1,5</factHandleIds>
    </org.drools.core.audit.event.ActivationLogEvent>
    <org.drools.core.audit.event.ActivationLogEvent>
      <type>4</type>
      <activationId>Insert subject for exam qualification (exam_result_calculation) [1, 4]</activationId>
      <rule>Insert subject for exam qualification (exam_result_calculation)</rule>
      <declarations>$esr=pl.edu.pwsztar.universityrecruitment.ExamSubjectResult@6de30571; $uc=pl.edu.pwsztar.universityrecruitment.UniversityCandidate@2d84cb86</declarations>
      <factHandleIds>1,4</factHandleIds>
    </org.drools.core.audit.event.ActivationLogEvent>
    <org.drools.core.audit.event.ActivationLogEvent>
      <type>4</type>
      <activationId>Insert subject for exam qualification (exam_result_calculation) [1, 3]</activationId>
      <rule>Insert subject for exam qualification (exam_result_calculation)</rule>
      <declarations>$esr=pl.edu.pwsztar.universityrecruitment.ExamSubjectResult@6272c96f; $uc=pl.edu.pwsztar.universityrecruitment.UniversityCandidate@2d84cb86</declarations>
      <factHandleIds>1,3</factHandleIds>
    </org.drools.core.audit.event.ActivationLogEvent>
    <org.drools.core.audit.event.ActivationLogEvent>
      <type>4</type>
      <activationId>Insert subject for exam qualification (exam_result_calculation) [1, 2]</activationId>
      <rule>Insert subject for exam qualification (exam_result_calculation)</rule>
      <declarations>$esr=pl.edu.pwsztar.universityrecruitment.ExamSubjectResult@489543a6; $uc=pl.edu.pwsztar.universityrecruitment.UniversityCandidate@2d84cb86</declarations>
      <factHandleIds>1,2</factHandleIds>
    </org.drools.core.audit.event.ActivationLogEvent>
    <org.drools.core.audit.event.ActivationLogEvent>
      <type>6</type>
      <activationId>Olympic qualification (two_sets_of_rules_salience_activation-group_lock-on-active_MODIFY) [1]</activationId>
      <rule>Olympic qualification (two_sets_of_rules_salience_activation-group_lock-on-active_MODIFY)</rule>
      <declarations>$uc=pl.edu.pwsztar.universityrecruitment.UniversityCandidate@2d84cb86</declarations>
      <factHandleIds>1</factHandleIds>
    </org.drools.core.audit.event.ActivationLogEvent>
    <org.drools.core.audit.event.ActivationLogEvent>
      <type>5</type>
      <activationId>Olympic qualification (two_sets_of_rules_salience_activation-group_MODIFY) [1]</activationId>
      <rule>Olympic qualification (two_sets_of_rules_salience_activation-group_MODIFY)</rule>
      <declarations>$uc=pl.edu.pwsztar.universityrecruitment.UniversityCandidate@2d84cb86</declarations>
      <factHandleIds>1</factHandleIds>
    </org.drools.core.audit.event.ActivationLogEvent>
    <org.drools.core.audit.event.ActivationLogEvent>
      <type>5</type>
      <activationId>Olympic qualification (two_sets_of_rules_salience_activation-group_no-loop_MODIFY) [1]</activationId>
      <rule>Olympic qualification (two_sets_of_rules_salience_activation-group_no-loop_MODIFY)</rule>
      <declarations>$uc=pl.edu.pwsztar.universityrecruitment.UniversityCandidate@2d84cb86</declarations>
      <factHandleIds>1</factHandleIds>
    </org.drools.core.audit.event.ActivationLogEvent>
    <org.drools.core.audit.event.ActivationLogEvent>
      <type>5</type>
      <activationId>Olympic qualification (two_sets_of_rules_salience_activation-group) [1]</activationId>
      <rule>Olympic qualification (two_sets_of_rules_salience_activation-group)</rule>
      <declarations>$uc=pl.edu.pwsztar.universityrecruitment.UniversityCandidate@2d84cb86</declarations>
      <factHandleIds>1</factHandleIds>
    </org.drools.core.audit.event.ActivationLogEvent>
    <org.drools.core.audit.event.ObjectLogEvent>
      <type>2</type>
      <factId>1</factId>
      <objectToString>pl.edu.pwsztar.universityrecruitment.UniversityCandidate@2d84cb86</objectToString>
    </org.drools.core.audit.event.ObjectLogEvent>
    <org.drools.core.audit.event.ActivationLogEvent>
      <type>7</type>
      <activationId>Olympic qualification (two_sets_of_rules_salience_activation-group_lock-on-active_MODIFY) [1]</activationId>
      <rule>Olympic qualification (two_sets_of_rules_salience_activation-group_lock-on-active_MODIFY)</rule>
      <declarations>$uc=pl.edu.pwsztar.universityrecruitment.UniversityCandidate@2d84cb86</declarations>
      <factHandleIds>1</factHandleIds>
    </org.drools.core.audit.event.ActivationLogEvent>
    <org.drools.core.audit.event.ActivationLogEvent>
      <type>4</type>
      <activationId>Olympic qualification (two_sets_of_rules_salience_activation-group_MODIFY) [1]</activationId>
      <rule>Olympic qualification (two_sets_of_rules_salience_activation-group_MODIFY)</rule>
      <declarations>$uc=pl.edu.pwsztar.universityrecruitment.UniversityCandidate@2d84cb86</declarations>
      <factHandleIds>1</factHandleIds>
    </org.drools.core.audit.event.ActivationLogEvent>
    <org.drools.core.audit.event.ActivationLogEvent>
      <type>4</type>
      <activationId>Olympic qualification (two_sets_of_rules_salience_activation-group_no-loop_MODIFY) [1]</activationId>
      <rule>Olympic qualification (two_sets_of_rules_salience_activation-group_no-loop_MODIFY)</rule>
      <declarations>$uc=pl.edu.pwsztar.universityrecruitment.UniversityCandidate@2d84cb86</declarations>
      <factHandleIds>1</factHandleIds>
    </org.drools.core.audit.event.ActivationLogEvent>
    <org.drools.core.audit.event.ActivationLogEvent>
      <type>4</type>
      <activationId>Olympic qualification (two_sets_of_rules_salience_activation-group) [1]</activationId>
      <rule>Olympic qualification (two_sets_of_rules_salience_activation-group)</rule>
      <declarations>$uc=pl.edu.pwsztar.universityrecruitment.UniversityCandidate@2d84cb86</declarations>
      <factHandleIds>1</factHandleIds>
    </org.drools.core.audit.event.ActivationLogEvent>
    <org.drools.core.audit.event.ActivationLogEvent>
      <type>6</type>
      <activationId>Insert subject for exam qualification (exam_result_calculation) [1, 6]</activationId>
      <rule>Insert subject for exam qualification (exam_result_calculation)</rule>
      <declarations>$esr=pl.edu.pwsztar.universityrecruitment.ExamSubjectResult@3c89bb12; $uc=pl.edu.pwsztar.universityrecruitment.UniversityCandidate@2d84cb86</declarations>
      <factHandleIds>1,6</factHandleIds>
    </org.drools.core.audit.event.ActivationLogEvent>
    <org.drools.core.audit.event.ObjectLogEvent>
      <type>1</type>
      <factId>7</factId>
      <objectToString>pl.edu.pwsztar.universityrecruitment.ExamSubjectResult@3c89bb12</objectToString>
    </org.drools.core.audit.event.ObjectLogEvent>
    <org.drools.core.audit.event.ObjectLogEvent>
      <type>2</type>
      <factId>1</factId>
      <objectToString>pl.edu.pwsztar.universityrecruitment.UniversityCandidate@2d84cb86</objectToString>
    </org.drools.core.audit.event.ObjectLogEvent>
    <org.drools.core.audit.event.ActivationLogEvent>
      <type>7</type>
      <activationId>Insert subject for exam qualification (exam_result_calculation) [1, 6]</activationId>
      <rule>Insert subject for exam qualification (exam_result_calculation)</rule>
      <declarations>$esr=pl.edu.pwsztar.universityrecruitment.ExamSubjectResult@3c89bb12; $uc=pl.edu.pwsztar.universityrecruitment.UniversityCandidate@2d84cb86</declarations>
      <factHandleIds>1,6</factHandleIds>
    </org.drools.core.audit.event.ActivationLogEvent>
    <org.drools.core.audit.event.ActivationLogEvent>
      <type>4</type>
      <activationId>Olympic qualification (two_sets_of_rules_salience_activation-group_lock-on-active_MODIFY) [1]</activationId>
      <rule>Olympic qualification (two_sets_of_rules_salience_activation-group_lock-on-active_MODIFY)</rule>
      <declarations>$uc=pl.edu.pwsztar.universityrecruitment.UniversityCandidate@2d84cb86</declarations>
      <factHandleIds>1</factHandleIds>
    </org.drools.core.audit.event.ActivationLogEvent>
    <org.drools.core.audit.event.ActivationLogEvent>
      <type>6</type>
      <activationId>Insert subject for exam qualification (exam_result_calculation) [1, 5]</activationId>
      <rule>Insert subject for exam qualification (exam_result_calculation)</rule>
      <declarations>$esr=pl.edu.pwsztar.universityrecruitment.ExamSubjectResult@5ee34b1b; $uc=pl.edu.pwsztar.universityrecruitment.UniversityCandidate@2d84cb86</declarations>
      <factHandleIds>1,5</factHandleIds>
    </org.drools.core.audit.event.ActivationLogEvent>
    <org.drools.core.audit.event.ObjectLogEvent>
      <type>1</type>
      <factId>8</factId>
      <objectToString>pl.edu.pwsztar.universityrecruitment.ExamSubjectResult@5ee34b1b</objectToString>
    </org.drools.core.audit.event.ObjectLogEvent>
    <org.drools.core.audit.event.ObjectLogEvent>
      <type>2</type>
      <factId>1</factId>
      <objectToString>pl.edu.pwsztar.universityrecruitment.UniversityCandidate@2d84cb86</objectToString>
    </org.drools.core.audit.event.ObjectLogEvent>
    <org.drools.core.audit.event.ActivationLogEvent>
      <type>7</type>
      <activationId>Insert subject for exam qualification (exam_result_calculation) [1, 5]</activationId>
      <rule>Insert subject for exam qualification (exam_result_calculation)</rule>
      <declarations>$esr=pl.edu.pwsztar.universityrecruitment.ExamSubjectResult@5ee34b1b; $uc=pl.edu.pwsztar.universityrecruitment.UniversityCandidate@2d84cb86</declarations>
      <factHandleIds>1,5</factHandleIds>
    </org.drools.core.audit.event.ActivationLogEvent>
    <org.drools.core.audit.event.ActivationLogEvent>
      <type>6</type>
      <activationId>Insert subject for exam qualification (exam_result_calculation) [1, 4]</activationId>
      <rule>Insert subject for exam qualification (exam_result_calculation)</rule>
      <declarations>$esr=pl.edu.pwsztar.universityrecruitment.ExamSubjectResult@6de30571; $uc=pl.edu.pwsztar.universityrecruitment.UniversityCandidate@2d84cb86</declarations>
      <factHandleIds>1,4</factHandleIds>
    </org.drools.core.audit.event.ActivationLogEvent>
    <org.drools.core.audit.event.ObjectLogEvent>
      <type>1</type>
      <factId>9</factId>
      <objectToString>pl.edu.pwsztar.universityrecruitment.ExamSubjectResult@6de30571</objectToString>
    </org.drools.core.audit.event.ObjectLogEvent>
    <org.drools.core.audit.event.ObjectLogEvent>
      <type>2</type>
      <factId>1</factId>
      <objectToString>pl.edu.pwsztar.universityrecruitment.UniversityCandidate@2d84cb86</objectToString>
    </org.drools.core.audit.event.ObjectLogEvent>
    <org.drools.core.audit.event.ActivationLogEvent>
      <type>7</type>
      <activationId>Insert subject for exam qualification (exam_result_calculation) [1, 4]</activationId>
      <rule>Insert subject for exam qualification (exam_result_calculation)</rule>
      <declarations>$esr=pl.edu.pwsztar.universityrecruitment.ExamSubjectResult@6de30571; $uc=pl.edu.pwsztar.universityrecruitment.UniversityCandidate@2d84cb86</declarations>
      <factHandleIds>1,4</factHandleIds>
    </org.drools.core.audit.event.ActivationLogEvent>
    <org.drools.core.audit.event.ActivationLogEvent>
      <type>6</type>
      <activationId>Insert subject for exam qualification (exam_result_calculation) [1, 3]</activationId>
      <rule>Insert subject for exam qualification (exam_result_calculation)</rule>
      <declarations>$esr=pl.edu.pwsztar.universityrecruitment.ExamSubjectResult@6272c96f; $uc=pl.edu.pwsztar.universityrecruitment.UniversityCandidate@2d84cb86</declarations>
      <factHandleIds>1,3</factHandleIds>
    </org.drools.core.audit.event.ActivationLogEvent>
    <org.drools.core.audit.event.ObjectLogEvent>
      <type>1</type>
      <factId>10</factId>
      <objectToString>pl.edu.pwsztar.universityrecruitment.ExamSubjectResult@6272c96f</objectToString>
    </org.drools.core.audit.event.ObjectLogEvent>
    <org.drools.core.audit.event.ObjectLogEvent>
      <type>2</type>
      <factId>1</factId>
      <objectToString>pl.edu.pwsztar.universityrecruitment.UniversityCandidate@2d84cb86</objectToString>
    </org.drools.core.audit.event.ObjectLogEvent>
    <org.drools.core.audit.event.ActivationLogEvent>
      <type>7</type>
      <activationId>Insert subject for exam qualification (exam_result_calculation) [1, 3]</activationId>
      <rule>Insert subject for exam qualification (exam_result_calculation)</rule>
      <declarations>$esr=pl.edu.pwsztar.universityrecruitment.ExamSubjectResult@6272c96f; $uc=pl.edu.pwsztar.universityrecruitment.UniversityCandidate@2d84cb86</declarations>
      <factHandleIds>1,3</factHandleIds>
    </org.drools.core.audit.event.ActivationLogEvent>
    <org.drools.core.audit.event.ActivationLogEvent>
      <type>6</type>
      <activationId>Insert subject for exam qualification (exam_result_calculation) [1, 2]</activationId>
      <rule>Insert subject for exam qualification (exam_result_calculation)</rule>
      <declarations>$esr=pl.edu.pwsztar.universityrecruitment.ExamSubjectResult@489543a6; $uc=pl.edu.pwsztar.universityrecruitment.UniversityCandidate@2d84cb86</declarations>
      <factHandleIds>1,2</factHandleIds>
    </org.drools.core.audit.event.ActivationLogEvent>
    <org.drools.core.audit.event.ObjectLogEvent>
      <type>1</type>
      <factId>11</factId>
      <objectToString>pl.edu.pwsztar.universityrecruitment.ExamSubjectResult@489543a6</objectToString>
    </org.drools.core.audit.event.ObjectLogEvent>
    <org.drools.core.audit.event.ObjectLogEvent>
      <type>2</type>
      <factId>1</factId>
      <objectToString>pl.edu.pwsztar.universityrecruitment.UniversityCandidate@2d84cb86</objectToString>
    </org.drools.core.audit.event.ObjectLogEvent>
    <org.drools.core.audit.event.ActivationLogEvent>
      <type>7</type>
      <activationId>Insert subject for exam qualification (exam_result_calculation) [1, 2]</activationId>
      <rule>Insert subject for exam qualification (exam_result_calculation)</rule>
      <declarations>$esr=pl.edu.pwsztar.universityrecruitment.ExamSubjectResult@489543a6; $uc=pl.edu.pwsztar.universityrecruitment.UniversityCandidate@2d84cb86</declarations>
      <factHandleIds>1,2</factHandleIds>
    </org.drools.core.audit.event.ActivationLogEvent>
    <org.drools.core.audit.event.ActivationLogEvent>
      <type>4</type>
      <activationId>Subject result summation (exam_result_calculation) [1, 7]</activationId>
      <rule>Subject result summation (exam_result_calculation)</rule>
      <declarations>$esr=pl.edu.pwsztar.universityrecruitment.ExamSubjectResult@3c89bb12; $uc=pl.edu.pwsztar.universityrecruitment.UniversityCandidate@2d84cb86</declarations>
      <factHandleIds>1,7</factHandleIds>
    </org.drools.core.audit.event.ActivationLogEvent>
    <org.drools.core.audit.event.ActivationLogEvent>
      <type>4</type>
      <activationId>Subject result summation (exam_result_calculation) [1, 8]</activationId>
      <rule>Subject result summation (exam_result_calculation)</rule>
      <declarations>$esr=pl.edu.pwsztar.universityrecruitment.ExamSubjectResult@5ee34b1b; $uc=pl.edu.pwsztar.universityrecruitment.UniversityCandidate@2d84cb86</declarations>
      <factHandleIds>1,8</factHandleIds>
    </org.drools.core.audit.event.ActivationLogEvent>
    <org.drools.core.audit.event.ActivationLogEvent>
      <type>4</type>
      <activationId>Subject result summation (exam_result_calculation) [1, 9]</activationId>
      <rule>Subject result summation (exam_result_calculation)</rule>
      <declarations>$esr=pl.edu.pwsztar.universityrecruitment.ExamSubjectResult@6de30571; $uc=pl.edu.pwsztar.universityrecruitment.UniversityCandidate@2d84cb86</declarations>
      <factHandleIds>1,9</factHandleIds>
    </org.drools.core.audit.event.ActivationLogEvent>
    <org.drools.core.audit.event.ActivationLogEvent>
      <type>4</type>
      <activationId>Subject result summation (exam_result_calculation) [1, 11]</activationId>
      <rule>Subject result summation (exam_result_calculation)</rule>
      <declarations>$esr=pl.edu.pwsztar.universityrecruitment.ExamSubjectResult@489543a6; $uc=pl.edu.pwsztar.universityrecruitment.UniversityCandidate@2d84cb86</declarations>
      <factHandleIds>1,11</factHandleIds>
    </org.drools.core.audit.event.ActivationLogEvent>
    <org.drools.core.audit.event.ActivationLogEvent>
      <type>6</type>
      <activationId>Subject result summation (exam_result_calculation) [1, 7]</activationId>
      <rule>Subject result summation (exam_result_calculation)</rule>
      <declarations>$esr=pl.edu.pwsztar.universityrecruitment.ExamSubjectResult@3c89bb12; $uc=pl.edu.pwsztar.universityrecruitment.UniversityCandidate@2d84cb86</declarations>
      <factHandleIds>1,7</factHandleIds>
    </org.drools.core.audit.event.ActivationLogEvent>
    <org.drools.core.audit.event.ObjectLogEvent>
      <type>2</type>
      <factId>1</factId>
      <objectToString>pl.edu.pwsztar.universityrecruitment.UniversityCandidate@2d84cb86</objectToString>
    </org.drools.core.audit.event.ObjectLogEvent>
    <org.drools.core.audit.event.ObjectLogEvent>
      <type>3</type>
      <factId>7</factId>
      <objectToString>pl.edu.pwsztar.universityrecruitment.ExamSubjectResult@3c89bb12</objectToString>
    </org.drools.core.audit.event.ObjectLogEvent>
    <org.drools.core.audit.event.ActivationLogEvent>
      <type>7</type>
      <activationId>Subject result summation (exam_result_calculation) [1, 7]</activationId>
      <rule>Subject result summation (exam_result_calculation)</rule>
      <declarations>$uc=pl.edu.pwsztar.universityrecruitment.UniversityCandidate@2d84cb86</declarations>
      <factHandleIds>1,7</factHandleIds>
    </org.drools.core.audit.event.ActivationLogEvent>
    <org.drools.core.audit.event.ActivationLogEvent>
      <type>6</type>
      <activationId>Subject result summation (exam_result_calculation) [1, 8]</activationId>
      <rule>Subject result summation (exam_result_calculation)</rule>
      <declarations>$esr=pl.edu.pwsztar.universityrecruitment.ExamSubjectResult@5ee34b1b; $uc=pl.edu.pwsztar.universityrecruitment.UniversityCandidate@2d84cb86</declarations>
      <factHandleIds>8,1</factHandleIds>
    </org.drools.core.audit.event.ActivationLogEvent>
    <org.drools.core.audit.event.ObjectLogEvent>
      <type>2</type>
      <factId>1</factId>
      <objectToString>pl.edu.pwsztar.universityrecruitment.UniversityCandidate@2d84cb86</objectToString>
    </org.drools.core.audit.event.ObjectLogEvent>
    <org.drools.core.audit.event.ObjectLogEvent>
      <type>3</type>
      <factId>8</factId>
      <objectToString>pl.edu.pwsztar.universityrecruitment.ExamSubjectResult@5ee34b1b</objectToString>
    </org.drools.core.audit.event.ObjectLogEvent>
    <org.drools.core.audit.event.ActivationLogEvent>
      <type>7</type>
      <activationId>Subject result summation (exam_result_calculation) [1, 8]</activationId>
      <rule>Subject result summation (exam_result_calculation)</rule>
      <declarations>$uc=pl.edu.pwsztar.universityrecruitment.UniversityCandidate@2d84cb86</declarations>
      <factHandleIds>8,1</factHandleIds>
    </org.drools.core.audit.event.ActivationLogEvent>
    <org.drools.core.audit.event.ActivationLogEvent>
      <type>4</type>
      <activationId>Exam Qualification / Informatyka (one_set_of_rules_MODIFY) [1]</activationId>
      <rule>Exam Qualification / Informatyka (one_set_of_rules_MODIFY)</rule>
      <declarations>$uc=pl.edu.pwsztar.universityrecruitment.UniversityCandidate@2d84cb86</declarations>
      <factHandleIds>1</factHandleIds>
    </org.drools.core.audit.event.ActivationLogEvent>
    <org.drools.core.audit.event.ActivationLogEvent>
      <type>4</type>
      <activationId>Exam Qualification / Informatyka (two_sets_of_rules_salience_no-loop_MODIFY) [1]</activationId>
      <rule>Exam Qualification / Informatyka (two_sets_of_rules_salience_no-loop_MODIFY)</rule>
      <declarations>$uc=pl.edu.pwsztar.universityrecruitment.UniversityCandidate@2d84cb86</declarations>
      <factHandleIds>1</factHandleIds>
    </org.drools.core.audit.event.ActivationLogEvent>
    <org.drools.core.audit.event.ActivationLogEvent>
      <type>4</type>
      <activationId>Exam Qualification / Informatyka (two_sets_of_rules_salience_activation-group_MODIFY) [1]</activationId>
      <rule>Exam Qualification / Informatyka (two_sets_of_rules_salience_activation-group_MODIFY)</rule>
      <declarations>$uc=pl.edu.pwsztar.universityrecruitment.UniversityCandidate@2d84cb86</declarations>
      <factHandleIds>1</factHandleIds>
    </org.drools.core.audit.event.ActivationLogEvent>
    <org.drools.core.audit.event.ActivationLogEvent>
      <type>4</type>
      <activationId>Exam Qualification / Informatyka (one_set_of_rules_no-loop_MODIFY) [1]</activationId>
      <rule>Exam Qualification / Informatyka (one_set_of_rules_no-loop_MODIFY)</rule>
      <declarations>$uc=pl.edu.pwsztar.universityrecruitment.UniversityCandidate@2d84cb86</declarations>
      <factHandleIds>1</factHandleIds>
    </org.drools.core.audit.event.ActivationLogEvent>
    <org.drools.core.audit.event.ActivationLogEvent>
      <type>4</type>
      <activationId>Exam Qualification / Informatyka (two_sets_of_rules_salience_activation-group_no-loop_MODIFY) [1]</activationId>
      <rule>Exam Qualification / Informatyka (two_sets_of_rules_salience_activation-group_no-loop_MODIFY)</rule>
      <declarations>$uc=pl.edu.pwsztar.universityrecruitment.UniversityCandidate@2d84cb86</declarations>
      <factHandleIds>1</factHandleIds>
    </org.drools.core.audit.event.ActivationLogEvent>
    <org.drools.core.audit.event.ActivationLogEvent>
      <type>4</type>
      <activationId>Exam Qualification / Informatyka (one_set_of_rules) [1]</activationId>
      <rule>Exam Qualification / Informatyka (one_set_of_rules)</rule>
      <declarations>$uc=pl.edu.pwsztar.universityrecruitment.UniversityCandidate@2d84cb86</declarations>
      <factHandleIds>1</factHandleIds>
    </org.drools.core.audit.event.ActivationLogEvent>
    <org.drools.core.audit.event.ActivationLogEvent>
      <type>4</type>
      <activationId>Exam Qualification / Informatyka (two_sets_of_rules_salience_activation-group) [1]</activationId>
      <rule>Exam Qualification / Informatyka (two_sets_of_rules_salience_activation-group)</rule>
      <declarations>$uc=pl.edu.pwsztar.universityrecruitment.UniversityCandidate@2d84cb86</declarations>
      <factHandleIds>1</factHandleIds>
    </org.drools.core.audit.event.ActivationLogEvent>
    <org.drools.core.audit.event.ActivationLogEvent>
      <type>4</type>
      <activationId>Exam Qualification / Informatyka (three_sets_of_rules_salience_lock-on-active_bonus_MODIFY) [1]</activationId>
      <rule>Exam Qualification / Informatyka (three_sets_of_rules_salience_lock-on-active_bonus_MODIFY)</rule>
      <declarations>$uc=pl.edu.pwsztar.universityrecruitment.UniversityCandidate@2d84cb86</declarations>
      <factHandleIds>1</factHandleIds>
    </org.drools.core.audit.event.ActivationLogEvent>
    <org.drools.core.audit.event.ActivationLogEvent>
      <type>4</type>
      <activationId>Exam Qualification / Informatyka (two_sets_of_rules) [1]</activationId>
      <rule>Exam Qualification / Informatyka (two_sets_of_rules)</rule>
      <declarations>$uc=pl.edu.pwsztar.universityrecruitment.UniversityCandidate@2d84cb86</declarations>
      <factHandleIds>1</factHandleIds>
    </org.drools.core.audit.event.ActivationLogEvent>
    <org.drools.core.audit.event.ActivationLogEvent>
      <type>4</type>
      <activationId>Exam Qualification / Informatyka (two_sets_of_rules_salience) [1]</activationId>
      <rule>Exam Qualification / Informatyka (two_sets_of_rules_salience)</rule>
      <declarations>$uc=pl.edu.pwsztar.universityrecruitment.UniversityCandidate@2d84cb86</declarations>
      <factHandleIds>1</factHandleIds>
    </org.drools.core.audit.event.ActivationLogEvent>
    <org.drools.core.audit.event.ActivationLogEvent>
      <type>4</type>
      <activationId>Exam Qualification / Informatyka (two_sets_of_rules_salience_no-loop_bonus_MODIFY) [1]</activationId>
      <rule>Exam Qualification / Informatyka (two_sets_of_rules_salience_no-loop_bonus_MODIFY)</rule>
      <declarations>$uc=pl.edu.pwsztar.universityrecruitment.UniversityCandidate@2d84cb86</declarations>
      <factHandleIds>1</factHandleIds>
    </org.drools.core.audit.event.ActivationLogEvent>
    <org.drools.core.audit.event.ActivationLogEvent>
      <type>4</type>
      <activationId>Exam Qualification / Informatyka (two_sets_of_rules_salience_activation-group_lock-on-active_MODIFY) [1]</activationId>
      <rule>Exam Qualification / Informatyka (two_sets_of_rules_salience_activation-group_lock-on-active_MODIFY)</rule>
      <declarations>$uc=pl.edu.pwsztar.universityrecruitment.UniversityCandidate@2d84cb86</declarations>
      <factHandleIds>1</factHandleIds>
    </org.drools.core.audit.event.ActivationLogEvent>
    <org.drools.core.audit.event.ActivationLogEvent>
      <type>4</type>
      <activationId>Exam Qualification / Informatyka (two_sets_of_rules_salience_lock-on-active_MODIFY) [1]</activationId>
      <rule>Exam Qualification / Informatyka (two_sets_of_rules_salience_lock-on-active_MODIFY)</rule>
      <declarations>$uc=pl.edu.pwsztar.universityrecruitment.UniversityCandidate@2d84cb86</declarations>
      <factHandleIds>1</factHandleIds>
    </org.drools.core.audit.event.ActivationLogEvent>
    <org.drools.core.audit.event.ActivationLogEvent>
      <type>6</type>
      <activationId>Subject result summation (exam_result_calculation) [1, 9]</activationId>
      <rule>Subject result summation (exam_result_calculation)</rule>
      <declarations>$esr=pl.edu.pwsztar.universityrecruitment.ExamSubjectResult@6de30571; $uc=pl.edu.pwsztar.universityrecruitment.UniversityCandidate@2d84cb86</declarations>
      <factHandleIds>9,1</factHandleIds>
    </org.drools.core.audit.event.ActivationLogEvent>
    <org.drools.core.audit.event.ObjectLogEvent>
      <type>2</type>
      <factId>1</factId>
      <objectToString>pl.edu.pwsztar.universityrecruitment.UniversityCandidate@2d84cb86</objectToString>
    </org.drools.core.audit.event.ObjectLogEvent>
    <org.drools.core.audit.event.ObjectLogEvent>
      <type>3</type>
      <factId>9</factId>
      <objectToString>pl.edu.pwsztar.universityrecruitment.ExamSubjectResult@6de30571</objectToString>
    </org.drools.core.audit.event.ObjectLogEvent>
    <org.drools.core.audit.event.ActivationLogEvent>
      <type>7</type>
      <activationId>Subject result summation (exam_result_calculation) [1, 9]</activationId>
      <rule>Subject result summation (exam_result_calculation)</rule>
      <declarations>$uc=pl.edu.pwsztar.universityrecruitment.UniversityCandidate@2d84cb86</declarations>
      <factHandleIds>9,1</factHandleIds>
    </org.drools.core.audit.event.ActivationLogEvent>
    <org.drools.core.audit.event.ActivationLogEvent>
      <type>6</type>
      <activationId>Subject result summation (exam_result_calculation) [1, 11]</activationId>
      <rule>Subject result summation (exam_result_calculation)</rule>
      <declarations>$esr=pl.edu.pwsztar.universityrecruitment.ExamSubjectResult@489543a6; $uc=pl.edu.pwsztar.universityrecruitment.UniversityCandidate@2d84cb86</declarations>
      <factHandleIds>11,1</factHandleIds>
    </org.drools.core.audit.event.ActivationLogEvent>
    <org.drools.core.audit.event.ObjectLogEvent>
      <type>2</type>
      <factId>1</factId>
      <objectToString>pl.edu.pwsztar.universityrecruitment.UniversityCandidate@2d84cb86</objectToString>
    </org.drools.core.audit.event.ObjectLogEvent>
    <org.drools.core.audit.event.ObjectLogEvent>
      <type>3</type>
      <factId>11</factId>
      <objectToString>pl.edu.pwsztar.universityrecruitment.ExamSubjectResult@489543a6</objectToString>
    </org.drools.core.audit.event.ObjectLogEvent>
    <org.drools.core.audit.event.ActivationLogEvent>
      <type>7</type>
      <activationId>Subject result summation (exam_result_calculation) [1, 11]</activationId>
      <rule>Subject result summation (exam_result_calculation)</rule>
      <declarations>$uc=pl.edu.pwsztar.universityrecruitment.UniversityCandidate@2d84cb86</declarations>
      <factHandleIds>11,1</factHandleIds>
    </org.drools.core.audit.event.ActivationLogEvent>
  </events>
</org.drools.core.audit.WorkingMemoryLog>
</object-stream>
